#
# There is insufficient memory for the Java Runtime Environment to continue.
# Native memory allocation (malloc) failed to allocate 1048576 bytes for AllocateHeap
# Possible reasons:
#   The system is out of physical RAM or swap space
#   The process is running with CompressedOops enabled, and the Java Heap may be blocking the growth of the native heap
# Possible solutions:
#   Reduce memory load on the system
#   Increase physical memory or swap space
#   Check if swap backing store is full
#   Decrease Java heap size (-Xmx/-Xms)
#   Decrease number of Java threads
#   Decrease Java thread stack sizes (-Xss)
#   Set larger code cache with -XX:ReservedCodeCacheSize=
#   JVM is running with Unscaled Compressed Oops mode in which the Java heap is
#     placed in the first 4GB address space. The Java Heap base address is the
#     maximum limit for the native heap growth. Please use -XX:HeapBaseMinAddress
#     to set the Java Heap base and to place the Java Heap above 4GB virtual address.
# This output file may be truncated or incomplete.
#
#  Out of Memory Error (allocation.cpp:44), pid=32700, tid=12764
#
# JRE version: OpenJDK Runtime Environment Temurin-17.0.10+7 (17.0.10+7) (build 17.0.10+7)
# Java VM: OpenJDK 64-Bit Server VM Temurin-17.0.10+7 (17.0.10+7, mixed mode, emulated-client, tiered, compressed oops, compressed class ptrs, g1 gc, windows-amd64)
# No core dump will be written. Minidumps are not enabled by default on client versions of Windows
#

---------------  S U M M A R Y ------------

Command Line: -XX:+HeapDumpOnOutOfMemoryError -Xmx1024m -Dsts.lsp.client=vscode -Dsts.log.file=/dev/null -XX:TieredStopAtLevel=1 -Xlog:jni+resolve=off -Dspring.config.location=file:c:\Users\ASUS1\.vscode\extensions\vmware.vscode-spring-boot-1.53.0\language-server\BOOT-INF\classes\application.properties org.springframework.ide.vscode.boot.app.BootLanguageServerBootApp

Host: AMD Ryzen 7 4800H with Radeon Graphics         , 16 cores, 7G,  Windows 11 , 64 bit Build 22621 (10.0.22621.3374)
Time: Mon Apr 29 19:20:18 2024 India Standard Time elapsed time: 80716.305574 seconds (0d 22h 25m 16s)

---------------  T H R E A D  ---------------

Current thread (0x00000282198729d0):  VMThread "VM Thread" [stack: 0x0000009cbd000000,0x0000009cbd100000] [id=12764]

Stack: [0x0000009cbd000000,0x0000009cbd100000]
Native frames: (J=compiled Java code, j=interpreted, Vv=VM code, C=native code)
V  [jvm.dll+0x67d2c9]
V  [jvm.dll+0x834afa]
V  [jvm.dll+0x8365be]
V  [jvm.dll+0x836c23]
V  [jvm.dll+0x2477ff]
V  [jvm.dll+0xa6c93]
V  [jvm.dll+0x2f8663]
V  [jvm.dll+0x2f42e0]
V  [jvm.dll+0x2dc8c7]
V  [jvm.dll+0x31fb87]
V  [jvm.dll+0x83b11b]
V  [jvm.dll+0x83be61]
V  [jvm.dll+0x83c37d]
V  [jvm.dll+0x83c754]
V  [jvm.dll+0x83c820]
V  [jvm.dll+0x7e3fba]
V  [jvm.dll+0x67c1b5]
C  [ucrtbase.dll+0x29333]
C  [KERNEL32.DLL+0x1257d]
C  [ntdll.dll+0x5aa48]

VM_Operation (0x0000009cbecfedc0): G1CollectFull, mode: safepoint, requested by thread 0x000002821e628490


---------------  P R O C E S S  ---------------

Threads class SMR info:
_java_thread_list=0x000002821f3db890, length=35, elements={
0x0000028219887390, 0x00000282198883a0, 0x00000282199ee090, 0x00000282199eee20,
0x00000282199f3220, 0x00000282199f3af0, 0x00000282199f6480, 0x00000282199f83b0,
0x0000028219c47f80, 0x0000028219c57670, 0x000002821e628eb0, 0x000002821e628490,
0x000002821e6289a0, 0x000002821e6293c0, 0x000002821e6298d0, 0x000002821e629de0,
0x000002821f4da130, 0x000002821f4da640, 0x000002821f4d7dc0, 0x000002821f4dd8e0,
0x000002821f4d82d0, 0x000002821f4dcec0, 0x000002821f4d9710, 0x000002821f4d9c20,
0x000002821f4db060, 0x000002821f4d73a0, 0x000002821f4de300, 0x000002821f4db570,
0x000002821f4ded20, 0x000002821f4dab50, 0x000002821f4dba80, 0x000002821f4dd3d0,
0x000002821f4d9200, 0x000002821f4dc4a0, 0x000002821f4d78b0
}

Java Threads: ( => current thread )
  0x0000028219887390 JavaThread "Reference Handler" daemon [_thread_blocked, id=33744, stack(0x0000009cbd100000,0x0000009cbd200000)]
  0x00000282198883a0 JavaThread "Finalizer" daemon [_thread_blocked, id=34544, stack(0x0000009cbd200000,0x0000009cbd300000)]
  0x00000282199ee090 JavaThread "Signal Dispatcher" daemon [_thread_blocked, id=24256, stack(0x0000009cbd300000,0x0000009cbd400000)]
  0x00000282199eee20 JavaThread "Attach Listener" daemon [_thread_blocked, id=31140, stack(0x0000009cbd400000,0x0000009cbd500000)]
  0x00000282199f3220 JavaThread "Service Thread" daemon [_thread_blocked, id=23524, stack(0x0000009cbd500000,0x0000009cbd600000)]
  0x00000282199f3af0 JavaThread "Monitor Deflation Thread" daemon [_thread_blocked, id=22408, stack(0x0000009cbd600000,0x0000009cbd700000)]
  0x00000282199f6480 JavaThread "C1 CompilerThread0" daemon [_thread_blocked, id=29152, stack(0x0000009cbd700000,0x0000009cbd800000)]
  0x00000282199f83b0 JavaThread "Sweeper thread" daemon [_thread_blocked, id=26072, stack(0x0000009cbd800000,0x0000009cbd900000)]
  0x0000028219c47f80 JavaThread "Notification Thread" daemon [_thread_blocked, id=11100, stack(0x0000009cbdb00000,0x0000009cbdc00000)]
  0x0000028219c57670 JavaThread "Common-Cleaner" daemon [_thread_blocked, id=29164, stack(0x0000009cbdd00000,0x0000009cbde00000)]
  0x000002821e628eb0 JavaThread "boundedElastic-evictor-1" daemon [_thread_blocked, id=31112, stack(0x0000009cbda00000,0x0000009cbdb00000)]
  0x000002821e628490 JavaThread "pool-13-thread-1" [_thread_blocked, id=27156, stack(0x0000009cbec00000,0x0000009cbed00000)]
  0x000002821e6289a0 JavaThread "LanguageServerApp-lifecycle" [_thread_blocked, id=32348, stack(0x0000009cbed00000,0x0000009cbee00000)]
  0x000002821e6293c0 JavaThread "DestroyJavaVM" [_thread_blocked, id=15328, stack(0x0000009cbca00000,0x0000009cbcb00000)]
  0x000002821e6298d0 JavaThread "pool-14-thread-1" [_thread_in_native, id=23900, stack(0x0000009cbee00000,0x0000009cbef00000)]
  0x000002821e629de0 JavaThread "Simple-Language-Server main thread" daemon [_thread_blocked, id=34556, stack(0x0000009cbef00000,0x0000009cbf000000)]
  0x000002821f4da130 JavaThread "pool-6-thread-1" [_thread_blocked, id=32684, stack(0x0000009cbd900000,0x0000009cbda00000)]
  0x000002821f4da640 JavaThread "parallel-1" daemon [_thread_blocked, id=10800, stack(0x0000009cbc700000,0x0000009cbc800000)]
  0x000002821f4d7dc0 JavaThread "Reconciler-1" daemon [_thread_blocked, id=17360, stack(0x0000009cbf600000,0x0000009cbf700000)]
  0x000002821f4dd8e0 JavaThread "parallel-2" daemon [_thread_blocked, id=35368, stack(0x0000009cbf900000,0x0000009cbfa00000)]
  0x000002821f4d82d0 JavaThread "pool-8-thread-1" [_thread_blocked, id=29476, stack(0x0000009cbc800000,0x0000009cbc900000)]
  0x000002821f4dcec0 JavaThread "parallel-3" daemon [_thread_blocked, id=12312, stack(0x0000009cbc900000,0x0000009cbca00000)]
  0x000002821f4d9710 JavaThread "parallel-4" daemon [_thread_blocked, id=17688, stack(0x0000009cbf500000,0x0000009cbf600000)]
  0x000002821f4d9c20 JavaThread "parallel-5" daemon [_thread_blocked, id=28848, stack(0x0000009cbf700000,0x0000009cbf800000)]
  0x000002821f4db060 JavaThread "parallel-6" daemon [_thread_blocked, id=10496, stack(0x0000009cbf800000,0x0000009cbf900000)]
  0x000002821f4d73a0 JavaThread "parallel-7" daemon [_thread_blocked, id=36512, stack(0x0000009cbfa00000,0x0000009cbfb00000)]
  0x000002821f4de300 JavaThread "parallel-8" daemon [_thread_blocked, id=31996, stack(0x0000009cbf400000,0x0000009cbf500000)]
  0x000002821f4db570 JavaThread "parallel-9" daemon [_thread_blocked, id=28708, stack(0x0000009cbfc00000,0x0000009cbfd00000)]
  0x000002821f4ded20 JavaThread "parallel-10" daemon [_thread_blocked, id=31148, stack(0x0000009cbfb00000,0x0000009cbfc00000)]
  0x000002821f4dab50 JavaThread "parallel-11" daemon [_thread_blocked, id=28500, stack(0x0000009cbfd00000,0x0000009cbfe00000)]
  0x000002821f4dba80 JavaThread "parallel-12" daemon [_thread_blocked, id=7856, stack(0x0000009cbfe00000,0x0000009cbff00000)]
  0x000002821f4dd3d0 JavaThread "parallel-13" daemon [_thread_blocked, id=34404, stack(0x0000009cbff00000,0x0000009cc0000000)]
  0x000002821f4d9200 JavaThread "parallel-14" daemon [_thread_blocked, id=19184, stack(0x0000009cc0000000,0x0000009cc0100000)]
  0x000002821f4dc4a0 JavaThread "parallel-15" daemon [_thread_blocked, id=24968, stack(0x0000009cbf200000,0x0000009cbf300000)]
  0x000002821f4d78b0 JavaThread "parallel-16" daemon [_thread_blocked, id=33732, stack(0x0000009cc0200000,0x0000009cc0300000)]

Other Threads:
=>0x00000282198729d0 VMThread "VM Thread" [stack: 0x0000009cbd000000,0x0000009cbd100000] [id=12764]
  0x0000028219c46350 WatcherThread [stack: 0x0000009cbdc00000,0x0000009cbdd00000] [id=30344]
  0x000002820dfc8a90 GCTaskThread "GC Thread#0" [stack: 0x0000009cbcb00000,0x0000009cbcc00000] [id=8356]
  0x000002821e8bc070 GCTaskThread "GC Thread#1" [stack: 0x0000009cbde00000,0x0000009cbdf00000] [id=34864]
  0x000002821e904360 GCTaskThread "GC Thread#2" [stack: 0x0000009cbdf00000,0x0000009cbe000000] [id=29576]
  0x000002821e904620 GCTaskThread "GC Thread#3" [stack: 0x0000009cbe000000,0x0000009cbe100000] [id=33832]
  0x000002821ea504a0 GCTaskThread "GC Thread#4" [stack: 0x0000009cbe100000,0x0000009cbe200000] [id=35036]
  0x000002821ea68c80 GCTaskThread "GC Thread#5" [stack: 0x0000009cbe200000,0x0000009cbe300000] [id=27236]
  0x000002821ec35f00 GCTaskThread "GC Thread#6" [stack: 0x0000009cbe400000,0x0000009cbe500000] [id=34808]
  0x000002821ecc33b0 GCTaskThread "GC Thread#7" [stack: 0x0000009cbe500000,0x0000009cbe600000] [id=30916]
  0x000002821ed87c50 GCTaskThread "GC Thread#8" [stack: 0x0000009cbe600000,0x0000009cbe700000] [id=28704]
  0x000002821edbe030 GCTaskThread "GC Thread#9" [stack: 0x0000009cbe700000,0x0000009cbe800000] [id=29940]
  0x000002821ee2dd00 GCTaskThread "GC Thread#10" [stack: 0x0000009cbe800000,0x0000009cbe900000] [id=13164]
  0x000002821ee2cf40 GCTaskThread "GC Thread#11" [stack: 0x0000009cbe900000,0x0000009cbea00000] [id=32444]
  0x000002821ee2dfc0 GCTaskThread "GC Thread#12" [stack: 0x0000009cbe300000,0x0000009cbe400000] [id=912]
  0x000002820dfd18f0 ConcurrentGCThread "G1 Main Marker" [stack: 0x0000009cbcc00000,0x0000009cbcd00000] [id=29124]
  0x000002820dfd2230 ConcurrentGCThread "G1 Conc#0" [stack: 0x0000009cbcd00000,0x0000009cbce00000] [id=8436]
  0x000002821ee2d200 ConcurrentGCThread "G1 Conc#1" [stack: 0x0000009cbea00000,0x0000009cbeb00000] [id=32876]
  0x000002821ee2da40 ConcurrentGCThread "G1 Conc#2" [stack: 0x0000009cbeb00000,0x0000009cbec00000] [id=31992]
  0x00000282196e60e0 ConcurrentGCThread "G1 Refine#0" [stack: 0x0000009cbce00000,0x0000009cbcf00000] [id=31448]
  0x00000282196e6a20 ConcurrentGCThread "G1 Service" [stack: 0x0000009cbcf00000,0x0000009cbd000000] [id=21032]

Threads with active compile tasks:

VM state: at safepoint (normal execution)

VM Mutex/Monitor currently owned by a thread:  ([mutex/lock_event])
[0x000002820bd73bd0] Threads_lock - owner thread: 0x00000282198729d0
[0x000002820bd6fb40] Heap_lock - owner thread: 0x000002821e628490

Heap address: 0x00000000c0000000, size: 1024 MB, Compressed Oops mode: 32-bit

CDS archive(s) not mapped
Compressed class space mapped at: 0x0000000100000000-0x0000000140000000, reserved size: 1073741824
Narrow klass base: 0x0000000000000000, Narrow klass shift: 3, Narrow klass range: 0x140000000

GC Precious Log:
 CPUs: 16 total, 16 available
 Memory: 7598M
 Large Page Support: Disabled
 NUMA Support: Disabled
 Compressed Oops: Enabled (32-bit)
 Heap Region Size: 1M
 Heap Min Capacity: 8M
 Heap Initial Capacity: 120M
 Heap Max Capacity: 1G
 Pre-touch: Disabled
 Parallel Workers: 13
 Concurrent Workers: 3
 Concurrent Refinement Workers: 13
 Periodic GC: Disabled

Heap:
 garbage-first heap   total 75776K, used 24677K [0x00000000c0000000, 0x0000000100000000)
  region size 1024K, 1 young (1024K), 0 survivors (0K)
 Metaspace       used 40038K, committed 40448K, reserved 1114112K
  class space    used 5337K, committed 5504K, reserved 1048576K

Heap Regions: E=young(eden), S=young(survivor), O=old, HS=humongous(starts), HC=humongous(continues), CS=collection set, F=free, OA=open archive, CA=closed archive, TAMS=top-at-mark-start (previous, next)
|   0|0x00000000c0000000, 0x00000000c0100000, 0x00000000c0100000|100%|HS|  |TAMS 0x00000000c0100000, 0x00000000c0000000| Untracked 
|   1|0x00000000c0100000, 0x00000000c0200000, 0x00000000c0200000|100%|HC|  |TAMS 0x00000000c0200000, 0x00000000c0100000| Untracked 
|   2|0x00000000c0200000, 0x00000000c0300000, 0x00000000c0300000|100%|HC|  |TAMS 0x00000000c0300000, 0x00000000c0200000| Untracked 
|   3|0x00000000c0300000, 0x00000000c0400000, 0x00000000c0400000|100%|HC|  |TAMS 0x00000000c0400000, 0x00000000c0300000| Untracked 
|   4|0x00000000c0400000, 0x00000000c0500000, 0x00000000c0500000|100%|HS|  |TAMS 0x00000000c0500000, 0x00000000c0400000| Untracked 
|   5|0x00000000c0500000, 0x00000000c0600000, 0x00000000c0600000|100%|HC|  |TAMS 0x00000000c0600000, 0x00000000c0500000| Untracked 
|   6|0x00000000c0600000, 0x00000000c0700000, 0x00000000c0700000|100%| O|  |TAMS 0x00000000c0700000, 0x00000000c0600000| Untracked 
|   7|0x00000000c0700000, 0x00000000c0800000, 0x00000000c0800000|100%| O|  |TAMS 0x00000000c0800000, 0x00000000c0700000| Untracked 
|   8|0x00000000c0800000, 0x00000000c08fffe8, 0x00000000c0900000| 99%| O|  |TAMS 0x00000000c08fffe8, 0x00000000c0800000| Untracked 
|   9|0x00000000c0900000, 0x00000000c0a00000, 0x00000000c0a00000|100%| O|  |TAMS 0x00000000c0a00000, 0x00000000c0900000| Untracked 
|  10|0x00000000c0a00000, 0x00000000c0afffe8, 0x00000000c0b00000| 99%| O|  |TAMS 0x00000000c0afffe8, 0x00000000c0a00000| Untracked 
|  11|0x00000000c0b00000, 0x00000000c0c00000, 0x00000000c0c00000|100%| O|  |TAMS 0x00000000c0c00000, 0x00000000c0b00000| Untracked 
|  12|0x00000000c0c00000, 0x00000000c0d00000, 0x00000000c0d00000|100%| O|  |TAMS 0x00000000c0d00000, 0x00000000c0c00000| Untracked 
|  13|0x00000000c0d00000, 0x00000000c0e00000, 0x00000000c0e00000|100%| O|  |TAMS 0x00000000c0e00000, 0x00000000c0d00000| Untracked 
|  14|0x00000000c0e00000, 0x00000000c0f00000, 0x00000000c0f00000|100%| O|  |TAMS 0x00000000c0f00000, 0x00000000c0e00000| Untracked 
|  15|0x00000000c0f00000, 0x00000000c0fffea8, 0x00000000c1000000| 99%| O|  |TAMS 0x00000000c0fffea8, 0x00000000c0f00000| Untracked 
|  16|0x00000000c1000000, 0x00000000c10ffff8, 0x00000000c1100000| 99%| O|  |TAMS 0x00000000c10ffff8, 0x00000000c1000000| Untracked 
|  17|0x00000000c1100000, 0x00000000c11fffd0, 0x00000000c1200000| 99%| O|  |TAMS 0x00000000c11fffd0, 0x00000000c1100000| Untracked 
|  18|0x00000000c1200000, 0x00000000c12ffff0, 0x00000000c1300000| 99%| O|  |TAMS 0x00000000c12ffff0, 0x00000000c1200000| Untracked 
|  19|0x00000000c1300000, 0x00000000c1400000, 0x00000000c1400000|100%| O|  |TAMS 0x00000000c1400000, 0x00000000c1300000| Untracked 
|  20|0x00000000c1400000, 0x00000000c14fffb8, 0x00000000c1500000| 99%| O|  |TAMS 0x00000000c14fffb8, 0x00000000c1400000| Untracked 
|  21|0x00000000c1500000, 0x00000000c15fffa0, 0x00000000c1600000| 99%| O|  |TAMS 0x00000000c15fffa0, 0x00000000c1500000| Untracked 
|  22|0x00000000c1600000, 0x00000000c16fffc0, 0x00000000c1700000| 99%| O|  |TAMS 0x00000000c16fffc0, 0x00000000c1600000| Untracked 
|  23|0x00000000c1700000, 0x00000000c17fffd8, 0x00000000c1800000| 99%| O|  |TAMS 0x00000000c17fffd8, 0x00000000c1700000| Untracked 
|  24|0x00000000c1800000, 0x00000000c18196e0, 0x00000000c1900000|  9%| O|  |TAMS 0x00000000c1800000, 0x00000000c1800000| Untracked 
|  25|0x00000000c1900000, 0x00000000c1900000, 0x00000000c1a00000|  0%| F|  |TAMS 0x00000000c1900000, 0x00000000c1900000| Untracked 
|  26|0x00000000c1a00000, 0x00000000c1a00000, 0x00000000c1b00000|  0%| F|  |TAMS 0x00000000c1a00000, 0x00000000c1a00000| Untracked 
|  27|0x00000000c1b00000, 0x00000000c1b00000, 0x00000000c1c00000|  0%| F|  |TAMS 0x00000000c1b00000, 0x00000000c1b00000| Untracked 
|  28|0x00000000c1c00000, 0x00000000c1c00000, 0x00000000c1d00000|  0%| F|  |TAMS 0x00000000c1c00000, 0x00000000c1c00000| Untracked 
|  29|0x00000000c1d00000, 0x00000000c1d00000, 0x00000000c1e00000|  0%| F|  |TAMS 0x00000000c1d00000, 0x00000000c1d00000| Untracked 
|  30|0x00000000c1e00000, 0x00000000c1e00000, 0x00000000c1f00000|  0%| F|  |TAMS 0x00000000c1e00000, 0x00000000c1e00000| Untracked 
|  31|0x00000000c1f00000, 0x00000000c1f00000, 0x00000000c2000000|  0%| F|  |TAMS 0x00000000c1f00000, 0x00000000c1f00000| Untracked 
|  32|0x00000000c2000000, 0x00000000c2000000, 0x00000000c2100000|  0%| F|  |TAMS 0x00000000c2000000, 0x00000000c2000000| Untracked 
|  33|0x00000000c2100000, 0x00000000c2100000, 0x00000000c2200000|  0%| F|  |TAMS 0x00000000c2100000, 0x00000000c2100000| Untracked 
|  34|0x00000000c2200000, 0x00000000c2200000, 0x00000000c2300000|  0%| F|  |TAMS 0x00000000c2200000, 0x00000000c2200000| Untracked 
|  35|0x00000000c2300000, 0x00000000c2300000, 0x00000000c2400000|  0%| F|  |TAMS 0x00000000c2300000, 0x00000000c2300000| Untracked 
|  36|0x00000000c2400000, 0x00000000c2400000, 0x00000000c2500000|  0%| F|  |TAMS 0x00000000c2400000, 0x00000000c2400000| Untracked 
|  37|0x00000000c2500000, 0x00000000c2500000, 0x00000000c2600000|  0%| F|  |TAMS 0x00000000c2500000, 0x00000000c2500000| Untracked 
|  38|0x00000000c2600000, 0x00000000c2600000, 0x00000000c2700000|  0%| F|  |TAMS 0x00000000c2600000, 0x00000000c2600000| Untracked 
|  39|0x00000000c2700000, 0x00000000c2700000, 0x00000000c2800000|  0%| F|  |TAMS 0x00000000c2700000, 0x00000000c2700000| Untracked 
|  40|0x00000000c2800000, 0x00000000c2800000, 0x00000000c2900000|  0%| F|  |TAMS 0x00000000c2800000, 0x00000000c2800000| Untracked 
|  41|0x00000000c2900000, 0x00000000c2900000, 0x00000000c2a00000|  0%| F|  |TAMS 0x00000000c2900000, 0x00000000c2900000| Untracked 
|  42|0x00000000c2a00000, 0x00000000c2a00000, 0x00000000c2b00000|  0%| F|  |TAMS 0x00000000c2a00000, 0x00000000c2a00000| Untracked 
|  43|0x00000000c2b00000, 0x00000000c2b00000, 0x00000000c2c00000|  0%| F|  |TAMS 0x00000000c2b00000, 0x00000000c2b00000| Untracked 
|  44|0x00000000c2c00000, 0x00000000c2c00000, 0x00000000c2d00000|  0%| F|  |TAMS 0x00000000c2c00000, 0x00000000c2c00000| Untracked 
|  45|0x00000000c2d00000, 0x00000000c2d00000, 0x00000000c2e00000|  0%| F|  |TAMS 0x00000000c2d00000, 0x00000000c2d00000| Untracked 
|  46|0x00000000c2e00000, 0x00000000c2e00000, 0x00000000c2f00000|  0%| F|  |TAMS 0x00000000c2e00000, 0x00000000c2e00000| Untracked 
|  47|0x00000000c2f00000, 0x00000000c2f00000, 0x00000000c3000000|  0%| F|  |TAMS 0x00000000c2f00000, 0x00000000c2f00000| Untracked 
|  48|0x00000000c3000000, 0x00000000c3000000, 0x00000000c3100000|  0%| F|  |TAMS 0x00000000c3000000, 0x00000000c3000000| Untracked 
|  49|0x00000000c3100000, 0x00000000c3100000, 0x00000000c3200000|  0%| F|  |TAMS 0x00000000c3100000, 0x00000000c3100000| Untracked 
|  50|0x00000000c3200000, 0x00000000c3200000, 0x00000000c3300000|  0%| F|  |TAMS 0x00000000c3200000, 0x00000000c3200000| Untracked 
|  51|0x00000000c3300000, 0x00000000c3300000, 0x00000000c3400000|  0%| F|  |TAMS 0x00000000c3300000, 0x00000000c3300000| Untracked 
|  52|0x00000000c3400000, 0x00000000c3400000, 0x00000000c3500000|  0%| F|  |TAMS 0x00000000c3400000, 0x00000000c3400000| Untracked 
|  53|0x00000000c3500000, 0x00000000c3500000, 0x00000000c3600000|  0%| F|  |TAMS 0x00000000c3500000, 0x00000000c3500000| Untracked 
|  54|0x00000000c3600000, 0x00000000c3600000, 0x00000000c3700000|  0%| F|  |TAMS 0x00000000c3600000, 0x00000000c3600000| Untracked 
|  55|0x00000000c3700000, 0x00000000c3700000, 0x00000000c3800000|  0%| F|  |TAMS 0x00000000c3700000, 0x00000000c3700000| Untracked 
|  56|0x00000000c3800000, 0x00000000c3800000, 0x00000000c3900000|  0%| F|  |TAMS 0x00000000c3800000, 0x00000000c3800000| Untracked 
|  57|0x00000000c3900000, 0x00000000c3900000, 0x00000000c3a00000|  0%| F|  |TAMS 0x00000000c3900000, 0x00000000c3900000| Untracked 
|  58|0x00000000c3a00000, 0x00000000c3a00000, 0x00000000c3b00000|  0%| F|  |TAMS 0x00000000c3a00000, 0x00000000c3a00000| Untracked 
|  59|0x00000000c3b00000, 0x00000000c3b00000, 0x00000000c3c00000|  0%| F|  |TAMS 0x00000000c3b00000, 0x00000000c3b00000| Untracked 
|  60|0x00000000c3c00000, 0x00000000c3c00000, 0x00000000c3d00000|  0%| F|  |TAMS 0x00000000c3c00000, 0x00000000c3c00000| Untracked 
|  61|0x00000000c3d00000, 0x00000000c3d00000, 0x00000000c3e00000|  0%| F|  |TAMS 0x00000000c3d00000, 0x00000000c3d00000| Untracked 
|  62|0x00000000c3e00000, 0x00000000c3e00000, 0x00000000c3f00000|  0%| F|  |TAMS 0x00000000c3e00000, 0x00000000c3e00000| Untracked 
|  63|0x00000000c3f00000, 0x00000000c3f00000, 0x00000000c4000000|  0%| F|  |TAMS 0x00000000c3f00000, 0x00000000c3f00000| Untracked 
|  64|0x00000000c4000000, 0x00000000c4000000, 0x00000000c4100000|  0%| F|  |TAMS 0x00000000c4000000, 0x00000000c4000000| Untracked 
|  65|0x00000000c4100000, 0x00000000c4100000, 0x00000000c4200000|  0%| F|  |TAMS 0x00000000c4100000, 0x00000000c4100000| Untracked 
|  66|0x00000000c4200000, 0x00000000c4200000, 0x00000000c4300000|  0%| F|  |TAMS 0x00000000c4200000, 0x00000000c4200000| Untracked 
|  67|0x00000000c4300000, 0x00000000c4300000, 0x00000000c4400000|  0%| F|  |TAMS 0x00000000c4300000, 0x00000000c4300000| Untracked 
|  78|0x00000000c4e00000, 0x00000000c4e00000, 0x00000000c4f00000|  0%| F|  |TAMS 0x00000000c4e00000, 0x00000000c4e00000| Untracked 
|  79|0x00000000c4f00000, 0x00000000c4f00000, 0x00000000c5000000|  0%| F|  |TAMS 0x00000000c4f00000, 0x00000000c4f00000| Untracked 
|  80|0x00000000c5000000, 0x00000000c5000000, 0x00000000c5100000|  0%| F|  |TAMS 0x00000000c5000000, 0x00000000c5000000| Untracked 
|  81|0x00000000c5100000, 0x00000000c5100000, 0x00000000c5200000|  0%| F|  |TAMS 0x00000000c5100000, 0x00000000c5100000| Untracked 
|  82|0x00000000c5200000, 0x00000000c5200000, 0x00000000c5300000|  0%| F|  |TAMS 0x00000000c5200000, 0x00000000c5200000| Untracked 
| 119|0x00000000c7700000, 0x00000000c7706a50, 0x00000000c7800000|  2%| E|  |TAMS 0x00000000c7700000, 0x00000000c7700000| Complete 

Card table byte_map: [0x0000028214470000,0x0000028214670000] _byte_map_base: 0x0000028213e70000

Marking Bits (Prev, Next): (CMBitMap*) 0x000002820dfc9000, (CMBitMap*) 0x000002820dfc8fc0
 Prev Bits: [0x0000028215870000, 0x0000028216870000)
 Next Bits: [0x0000028214870000, 0x0000028215870000)

Polling page: 0x000002820d730000

Metaspace:

Usage:
  Non-class:     33.89 MB used.
      Class:      5.21 MB used.
       Both:     39.10 MB used.

Virtual space:
  Non-class space:       64.00 MB reserved,      34.12 MB ( 53%) committed,  1 nodes.
      Class space:        1.00 GB reserved,       5.38 MB ( <1%) committed,  1 nodes.
             Both:        1.06 GB reserved,      39.50 MB (  4%) committed. 

Chunk freelists:
   Non-Class:  13.94 MB
       Class:  10.58 MB
        Both:  24.52 MB

MaxMetaspaceSize: unlimited
CompressedClassSpaceSize: 1.00 GB
Initial GC threshold: 21.00 MB
Current GC threshold: 65.88 MB
CDS: off
MetaspaceReclaimPolicy: balanced
 - commit_granule_bytes: 65536.
 - commit_granule_words: 8192.
 - virtual_space_node_default_size: 8388608.
 - enlarge_chunks_in_place: 1.
 - new_chunks_are_fully_committed: 0.
 - uncommit_free_chunks: 1.
 - use_allocation_guard: 0.
 - handle_deallocations: 1.


Internal statistics:

num_allocs_failed_limit: 8.
num_arena_births: 616.
num_arena_deaths: 190.
num_vsnodes_births: 2.
num_vsnodes_deaths: 0.
num_space_committed: 632.
num_space_uncommitted: 0.
num_chunks_returned_to_freelist: 224.
num_chunks_taken_from_freelist: 1924.
num_chunk_merges: 68.
num_chunk_splits: 1232.
num_chunks_enlarged: 915.
num_inconsistent_stats: 0.

CodeCache: size=49152Kb used=8525Kb max_used=9840Kb free=40626Kb
 bounds [0x0000028210c10000, 0x0000028211630000, 0x0000028213c10000]
 total_blobs=5271 nmethods=4725 adapters=473
 compilation: enabled
              stopped_count=0, restarted_count=0
 full_count=0

Compilation events (20 events):
Event: 39416.892 Thread 0x00000282199f6480 4727       1       org.springframework.ide.vscode.commons.util.text.linetracker.TreeLineTracker::replace (181 bytes)
Event: 39416.893 Thread 0x00000282199f6480 nmethod 4727 0x00000282114ae090 code [0x00000282114ae260, 0x00000282114ae538]
Event: 39416.894 Thread 0x00000282199f6480 4728       1       org.springframework.ide.vscode.commons.util.text.TextDocument::getVersion (5 bytes)
Event: 39416.894 Thread 0x00000282199f6480 nmethod 4728 0x00000282114add90 code [0x00000282114adf20, 0x00000282114adff8]
Event: 39417.183 Thread 0x00000282199f6480 4729       1       java.util.concurrent.CompletableFuture::completedFuture (19 bytes)
Event: 39417.184 Thread 0x00000282199f6480 nmethod 4729 0x00000282114ad810 code [0x00000282114ad9c0, 0x00000282114adc58]
Event: 39417.184 Thread 0x00000282199f6480 4730       1       java.util.concurrent.CompletableFuture::<init> (13 bytes)
Event: 39417.185 Thread 0x00000282199f6480 nmethod 4730 0x00000282114ad190 code [0x00000282114ad360, 0x00000282114ad698]
Event: 39417.185 Thread 0x00000282199f6480 4731       1       java.lang.invoke.VarHandleReferences$FieldInstanceReadWrite::setRelease (35 bytes)
Event: 39417.185 Thread 0x00000282199f6480 nmethod 4731 0x00000282114ac990 code [0x00000282114acb80, 0x00000282114acf88]
Event: 39417.376 Thread 0x00000282199f6480 4732       1       org.springframework.ide.vscode.boot.jdt.ls.JdtLsProjectCache::isSupported (5 bytes)
Event: 39417.376 Thread 0x00000282199f6480 nmethod 4732 0x00000282114ac690 code [0x00000282114ac820, 0x00000282114ac8f8]
Event: 39418.236 Thread 0x00000282199f6480 4733       1       java.util.ArrayList$ArrayListSpliterator::tryAdvance (79 bytes)
Event: 39418.240 Thread 0x00000282199f6480 nmethod 4733 0x00000282114ac010 code [0x00000282114ac1e0, 0x00000282114ac4c8]
Event: 39426.946 Thread 0x00000282199f6480 4734       1       org.springframework.ide.vscode.commons.util.text.linetracker.Line::getOffset (5 bytes)
Event: 39426.947 Thread 0x00000282199f6480 nmethod 4734 0x00000282114abd10 code [0x00000282114abea0, 0x00000282114abf78]
Event: 80396.500 Thread 0x00000282199f6480 4735       1       java.lang.Thread::isDaemon (5 bytes)
Event: 80396.546 Thread 0x00000282199f6480 nmethod 4735 0x00000282114aba10 code [0x00000282114abba0, 0x00000282114abc78]
Event: 80396.547 Thread 0x00000282199f6480 4736       1       java.lang.Thread::getPriority (5 bytes)
Event: 80396.547 Thread 0x00000282199f6480 nmethod 4736 0x00000282114ab710 code [0x00000282114ab8a0, 0x00000282114ab978]

GC Heap History (20 events):
Event: 80611.599 GC heap before
{Heap before GC invocations=1258 (full 1247):
 garbage-first heap   total 75776K, used 26725K [0x00000000c0000000, 0x0000000100000000)
  region size 1024K, 3 young (3072K), 0 survivors (0K)
 Metaspace       used 40038K, committed 40448K, reserved 1114112K
  class space    used 5337K, committed 5504K, reserved 1048576K
}
Event: 80611.680 GC heap after
{Heap after GC invocations=1259 (full 1248):
 garbage-first heap   total 75776K, used 24682K [0x00000000c0000000, 0x0000000100000000)
  region size 1024K, 0 young (0K), 0 survivors (0K)
 Metaspace       used 40038K, committed 40448K, reserved 1114112K
  class space    used 5337K, committed 5504K, reserved 1048576K
}
Event: 80622.202 GC heap before
{Heap before GC invocations=1259 (full 1248):
 garbage-first heap   total 75776K, used 24682K [0x00000000c0000000, 0x0000000100000000)
  region size 1024K, 1 young (1024K), 0 survivors (0K)
 Metaspace       used 40038K, committed 40448K, reserved 1114112K
  class space    used 5337K, committed 5504K, reserved 1048576K
}
Event: 80622.258 GC heap after
{Heap after GC invocations=1260 (full 1249):
 garbage-first heap   total 75776K, used 24682K [0x00000000c0000000, 0x0000000100000000)
  region size 1024K, 0 young (0K), 0 survivors (0K)
 Metaspace       used 40038K, committed 40448K, reserved 1114112K
  class space    used 5337K, committed 5504K, reserved 1048576K
}
Event: 80632.706 GC heap before
{Heap before GC invocations=1260 (full 1249):
 garbage-first heap   total 75776K, used 25706K [0x00000000c0000000, 0x0000000100000000)
  region size 1024K, 2 young (2048K), 0 survivors (0K)
 Metaspace       used 40038K, committed 40448K, reserved 1114112K
  class space    used 5337K, committed 5504K, reserved 1048576K
}
Event: 80632.745 GC heap after
{Heap after GC invocations=1261 (full 1250):
 garbage-first heap   total 75776K, used 24679K [0x00000000c0000000, 0x0000000100000000)
  region size 1024K, 0 young (0K), 0 survivors (0K)
 Metaspace       used 40038K, committed 40448K, reserved 1114112K
  class space    used 5337K, committed 5504K, reserved 1048576K
}
Event: 80643.413 GC heap before
{Heap before GC invocations=1261 (full 1250):
 garbage-first heap   total 75776K, used 24679K [0x00000000c0000000, 0x0000000100000000)
  region size 1024K, 1 young (1024K), 0 survivors (0K)
 Metaspace       used 40038K, committed 40448K, reserved 1114112K
  class space    used 5337K, committed 5504K, reserved 1048576K
}
Event: 80643.456 GC heap after
{Heap after GC invocations=1262 (full 1251):
 garbage-first heap   total 75776K, used 24677K [0x00000000c0000000, 0x0000000100000000)
  region size 1024K, 0 young (0K), 0 survivors (0K)
 Metaspace       used 40038K, committed 40448K, reserved 1114112K
  class space    used 5337K, committed 5504K, reserved 1048576K
}
Event: 80653.833 GC heap before
{Heap before GC invocations=1262 (full 1251):
 garbage-first heap   total 75776K, used 24677K [0x00000000c0000000, 0x0000000100000000)
  region size 1024K, 1 young (1024K), 0 survivors (0K)
 Metaspace       used 40038K, committed 40448K, reserved 1114112K
  class space    used 5337K, committed 5504K, reserved 1048576K
}
Event: 80653.863 GC heap after
{Heap after GC invocations=1263 (full 1252):
 garbage-first heap   total 75776K, used 24677K [0x00000000c0000000, 0x0000000100000000)
  region size 1024K, 0 young (0K), 0 survivors (0K)
 Metaspace       used 40038K, committed 40448K, reserved 1114112K
  class space    used 5337K, committed 5504K, reserved 1048576K
}
Event: 80664.135 GC heap before
{Heap before GC invocations=1263 (full 1252):
 garbage-first heap   total 75776K, used 24677K [0x00000000c0000000, 0x0000000100000000)
  region size 1024K, 1 young (1024K), 0 survivors (0K)
 Metaspace       used 40038K, committed 40448K, reserved 1114112K
  class space    used 5337K, committed 5504K, reserved 1048576K
}
Event: 80664.162 GC heap after
{Heap after GC invocations=1264 (full 1253):
 garbage-first heap   total 75776K, used 24677K [0x00000000c0000000, 0x0000000100000000)
  region size 1024K, 0 young (0K), 0 survivors (0K)
 Metaspace       used 40038K, committed 40448K, reserved 1114112K
  class space    used 5337K, committed 5504K, reserved 1048576K
}
Event: 80674.627 GC heap before
{Heap before GC invocations=1264 (full 1253):
 garbage-first heap   total 75776K, used 24677K [0x00000000c0000000, 0x0000000100000000)
  region size 1024K, 1 young (1024K), 0 survivors (0K)
 Metaspace       used 40038K, committed 40448K, reserved 1114112K
  class space    used 5337K, committed 5504K, reserved 1048576K
}
Event: 80674.657 GC heap after
{Heap after GC invocations=1265 (full 1254):
 garbage-first heap   total 75776K, used 24677K [0x00000000c0000000, 0x0000000100000000)
  region size 1024K, 0 young (0K), 0 survivors (0K)
 Metaspace       used 40038K, committed 40448K, reserved 1114112K
  class space    used 5337K, committed 5504K, reserved 1048576K
}
Event: 80685.019 GC heap before
{Heap before GC invocations=1265 (full 1254):
 garbage-first heap   total 75776K, used 24677K [0x00000000c0000000, 0x0000000100000000)
  region size 1024K, 1 young (1024K), 0 survivors (0K)
 Metaspace       used 40038K, committed 40448K, reserved 1114112K
  class space    used 5337K, committed 5504K, reserved 1048576K
}
Event: 80685.046 GC heap after
{Heap after GC invocations=1266 (full 1255):
 garbage-first heap   total 75776K, used 24677K [0x00000000c0000000, 0x0000000100000000)
  region size 1024K, 0 young (0K), 0 survivors (0K)
 Metaspace       used 40038K, committed 40448K, reserved 1114112K
  class space    used 5337K, committed 5504K, reserved 1048576K
}
Event: 80695.592 GC heap before
{Heap before GC invocations=1266 (full 1255):
 garbage-first heap   total 75776K, used 24677K [0x00000000c0000000, 0x0000000100000000)
  region size 1024K, 1 young (1024K), 0 survivors (0K)
 Metaspace       used 40038K, committed 40448K, reserved 1114112K
  class space    used 5337K, committed 5504K, reserved 1048576K
}
Event: 80695.636 GC heap after
{Heap after GC invocations=1267 (full 1256):
 garbage-first heap   total 75776K, used 24677K [0x00000000c0000000, 0x0000000100000000)
  region size 1024K, 0 young (0K), 0 survivors (0K)
 Metaspace       used 40038K, committed 40448K, reserved 1114112K
  class space    used 5337K, committed 5504K, reserved 1048576K
}
Event: 80705.971 GC heap before
{Heap before GC invocations=1267 (full 1256):
 garbage-first heap   total 75776K, used 24677K [0x00000000c0000000, 0x0000000100000000)
  region size 1024K, 1 young (1024K), 0 survivors (0K)
 Metaspace       used 40038K, committed 40448K, reserved 1114112K
  class space    used 5337K, committed 5504K, reserved 1048576K
}
Event: 80706.003 GC heap after
{Heap after GC invocations=1268 (full 1257):
 garbage-first heap   total 75776K, used 24677K [0x00000000c0000000, 0x0000000100000000)
  region size 1024K, 0 young (0K), 0 survivors (0K)
 Metaspace       used 40038K, committed 40448K, reserved 1114112K
  class space    used 5337K, committed 5504K, reserved 1048576K
}

Dll operation events (8 events):
Event: 0.030 Loaded shared library c:\Users\ASUS1\.vscode\extensions\redhat.java-1.30.0-win32-x64\jre\17.0.10-win32-x86_64\bin\java.dll
Event: 0.948 Loaded shared library C:\Users\ASUS1\.vscode\extensions\redhat.java-1.30.0-win32-x64\jre\17.0.10-win32-x86_64\bin\net.dll
Event: 0.954 Loaded shared library C:\Users\ASUS1\.vscode\extensions\redhat.java-1.30.0-win32-x64\jre\17.0.10-win32-x86_64\bin\nio.dll
Event: 0.976 Loaded shared library C:\Users\ASUS1\.vscode\extensions\redhat.java-1.30.0-win32-x64\jre\17.0.10-win32-x86_64\bin\zip.dll
Event: 2.765 Loaded shared library C:\Users\ASUS1\.vscode\extensions\redhat.java-1.30.0-win32-x64\jre\17.0.10-win32-x86_64\bin\jimage.dll
Event: 8.472 Loaded shared library c:\Users\ASUS1\.vscode\extensions\redhat.java-1.30.0-win32-x64\jre\17.0.10-win32-x86_64\bin\verify.dll
Event: 23.603 Loaded shared library C:\Users\ASUS1\.vscode\extensions\redhat.java-1.30.0-win32-x64\jre\17.0.10-win32-x86_64\bin\management.dll
Event: 23.614 Loaded shared library C:\Users\ASUS1\.vscode\extensions\redhat.java-1.30.0-win32-x64\jre\17.0.10-win32-x86_64\bin\management_ext.dll

Deoptimization events (6 events):
Event: 25.673 Thread 0x000002821e6298d0 DEOPT PACKING pc=0x0000028211155301 sp=0x0000009cbeefd8c0
Event: 25.673 Thread 0x000002821e6298d0 DEOPT UNPACKING pc=0x0000028210c67143 sp=0x0000009cbeefcd50 mode 3
Event: 25.682 Thread 0x000002821e629de0 DEOPT PACKING pc=0x0000028211135997 sp=0x0000009cbefff170
Event: 25.682 Thread 0x000002821e629de0 DEOPT UNPACKING pc=0x0000028210c67143 sp=0x0000009cbeffe5c8 mode 3
Event: 86.588 Thread 0x000002821e6298d0 DEOPT PACKING pc=0x0000028210d63854 sp=0x0000009cbeefebc0
Event: 86.588 Thread 0x000002821e6298d0 DEOPT UNPACKING pc=0x0000028210c67143 sp=0x0000009cbeefe068 mode 0

Classes unloaded (20 events):
Event: 170.654 Thread 0x00000282198729d0 Unloading class 0x00000001003b4800 'java/lang/invoke/LambdaForm$MH+0x00000001003b4800'
Event: 170.654 Thread 0x00000282198729d0 Unloading class 0x00000001003b4400 'java/lang/invoke/LambdaForm$MH+0x00000001003b4400'
Event: 170.654 Thread 0x00000282198729d0 Unloading class 0x00000001003b4000 'java/lang/invoke/LambdaForm$MH+0x00000001003b4000'
Event: 170.654 Thread 0x00000282198729d0 Unloading class 0x000000010008bc00 'java/lang/invoke/LambdaForm$MH+0x000000010008bc00'
Event: 9607.598 Thread 0x00000282198729d0 Unloading class 0x000000010056e800 'jdk/internal/reflect/GeneratedConstructorAccessor34'
Event: 9607.599 Thread 0x00000282198729d0 Unloading class 0x000000010056e400 'jdk/internal/reflect/GeneratedConstructorAccessor33'
Event: 9607.599 Thread 0x00000282198729d0 Unloading class 0x000000010056c800 'java/lang/invoke/LambdaForm$MH+0x000000010056c800'
Event: 9607.600 Thread 0x00000282198729d0 Unloading class 0x000000010056c400 'java/lang/invoke/LambdaForm$MH+0x000000010056c400'
Event: 9607.600 Thread 0x00000282198729d0 Unloading class 0x000000010056c000 'java/lang/invoke/LambdaForm$MH+0x000000010056c000'
Event: 9607.601 Thread 0x00000282198729d0 Unloading class 0x0000000100561800 'java/lang/invoke/LambdaForm$MH+0x0000000100561800'
Event: 9607.601 Thread 0x00000282198729d0 Unloading class 0x0000000100561400 'java/lang/invoke/LambdaForm$MH+0x0000000100561400'
Event: 9607.601 Thread 0x00000282198729d0 Unloading class 0x0000000100561000 'java/lang/invoke/LambdaForm$MH+0x0000000100561000'
Event: 9607.603 Thread 0x00000282198729d0 Unloading class 0x0000000100560c00 'java/lang/invoke/LambdaForm$MH+0x0000000100560c00'
Event: 9607.603 Thread 0x00000282198729d0 Unloading class 0x0000000100559800 'jdk/internal/reflect/GeneratedConstructorAccessor25'
Event: 9607.603 Thread 0x00000282198729d0 Unloading class 0x000000010008c000 'jdk/internal/reflect/GeneratedConstructorAccessor24'
Event: 9607.603 Thread 0x00000282198729d0 Unloading class 0x000000010008d400 'jdk/internal/reflect/GeneratedConstructorAccessor23'
Event: 9607.604 Thread 0x00000282198729d0 Unloading class 0x000000010008bc00 'java/lang/invoke/LambdaForm$MH+0x000000010008bc00'
Event: 9607.605 Thread 0x00000282198729d0 Unloading class 0x00000001003b4800 'java/lang/invoke/LambdaForm$MH+0x00000001003b4800'
Event: 9607.605 Thread 0x00000282198729d0 Unloading class 0x000000010050c400 'java/lang/invoke/LambdaForm$MH+0x000000010050c400'
Event: 9607.606 Thread 0x00000282198729d0 Unloading class 0x0000000100408000 'jdk/internal/reflect/GeneratedConstructorAccessor20'

Classes redefined (0 events):
No events

Internal exceptions (20 events):
Event: 16.630 Thread 0x000002820be2cc10 Exception <a 'java/lang/NoSuchMethodError'{0x00000000c3ba96e0}: 'java.lang.Object java.lang.invoke.DirectMethodHandle$Holder.invokeStaticInit(java.lang.Object, int, int, int, int)'> (0x00000000c3ba96e0) 
thrown [s\src\hotspot\share\interpreter\linkResolver.cpp, line 759]
Event: 17.015 Thread 0x000002820be2cc10 Exception <a 'java/lang/NoSuchMethodError'{0x00000000c3a947e8}: 'java.lang.Object java.lang.invoke.DirectMethodHandle$Holder.invokeStaticInit(java.lang.Object, java.lang.Object, int, int, int, int)'> (0x00000000c3a947e8) 
thrown [s\src\hotspot\share\interpreter\linkResolver.cpp, line 759]
Event: 17.862 Thread 0x000002820be2cc10 Exception <a 'java/lang/NoSuchMethodError'{0x00000000c32d4fa0}: 'void java.lang.invoke.DirectMethodHandle$Holder.invokeSpecialIFC(java.lang.Object, java.lang.Object, java.lang.Object)'> (0x00000000c32d4fa0) 
thrown [s\src\hotspot\share\interpreter\linkResolver.cpp, line 759]
Event: 21.346 Thread 0x000002820be2cc10 Exception <a 'java/lang/NoSuchMethodError'{0x00000000c3ad2668}: 'int java.lang.invoke.DirectMethodHandle$Holder.invokeStaticInit(java.lang.Object, java.lang.Object, int, java.lang.Object)'> (0x00000000c3ad2668) 
thrown [s\src\hotspot\share\interpreter\linkResolver.cpp, line 759]
Event: 21.522 Thread 0x000002820be2cc10 Exception <a 'java/lang/NoSuchMethodError'{0x00000000c39e3218}: 'void java.lang.invoke.DirectMethodHandle$Holder.invokeSpecial(java.lang.Object, java.lang.Object, java.lang.Object, java.lang.Object, java.lang.Object, java.lang.Object, java.lang.Object)'> (0x00000000c39e3218) 
thrown [s\src\hotspot\share\interpreter\linkResolver.cpp, line 759]
Event: 22.706 Thread 0x000002820be2cc10 Exception <a 'java/lang/NoSuchMethodError'{0x00000000c3474778}: 'java.lang.Object java.lang.invoke.DirectMethodHandle$Holder.invokeInterface(java.lang.Object, java.lang.Object, int)'> (0x00000000c3474778) 
thrown [s\src\hotspot\share\interpreter\linkResolver.cpp, line 759]
Event: 22.719 Thread 0x000002820be2cc10 Exception <a 'java/lang/IncompatibleClassChangeError'{0x00000000c348b040}: Found class java.lang.Object, but interface was expected> (0x00000000c348b040) 
thrown [s\src\hotspot\share\interpreter\linkResolver.cpp, line 826]
Event: 23.577 Thread 0x000002820be2cc10 Exception <a 'java/lang/NoSuchMethodError'{0x00000000c5047b08}: 'java.lang.Object java.lang.invoke.DirectMethodHandle$Holder.newInvokeSpecial(java.lang.Object, java.lang.Object, int, java.lang.Object, java.lang.Object)'> (0x00000000c5047b08) 
thrown [s\src\hotspot\share\interpreter\linkResolver.cpp, line 759]
Event: 23.580 Thread 0x000002820be2cc10 Exception <a 'java/lang/NoSuchMethodError'{0x00000000c505ac28}: 'java.lang.Object java.lang.invoke.DirectMethodHandle$Holder.invokeSpecial(java.lang.Object, java.lang.Object, int, java.lang.Object, int, java.lang.Object)'> (0x00000000c505ac28) 
thrown [s\src\hotspot\share\interpreter\linkResolver.cpp, line 759]
Event: 23.582 Thread 0x000002820be2cc10 Exception <a 'java/lang/NoSuchMethodError'{0x00000000c5062a30}: 'java.lang.Object java.lang.invoke.DirectMethodHandle$Holder.newInvokeSpecial(java.lang.Object, java.lang.Object, int, java.lang.Object, int)'> (0x00000000c5062a30) 
thrown [s\src\hotspot\share\interpreter\linkResolver.cpp, line 759]
Event: 23.583 Thread 0x000002820be2cc10 Exception <a 'java/lang/NoSuchMethodError'{0x00000000c5066b30}: 'java.lang.Object java.lang.invoke.DirectMethodHandle$Holder.invokeSpecial(java.lang.Object, java.lang.Object, java.lang.Object, int, java.lang.Object, int)'> (0x00000000c5066b30) 
thrown [s\src\hotspot\share\interpreter\linkResolver.cpp, line 759]
Event: 24.970 Thread 0x000002821e629de0 Exception <a 'java/lang/NoSuchMethodError'{0x00000000c3cc8518}: 'java.lang.Object java.lang.invoke.DirectMethodHandle$Holder.invokeStatic(java.lang.Object, int, java.lang.Object)'> (0x00000000c3cc8518) 
thrown [s\src\hotspot\share\interpreter\linkResolver.cpp, line 759]
Event: 63.798 Thread 0x000002821e628490 Exception <a 'java/lang/NoSuchMethodError'{0x00000000c51ea9a0}: 'void java.lang.invoke.DirectMethodHandle$Holder.invokeStatic(java.lang.Object, long)'> (0x00000000c51ea9a0) 
thrown [s\src\hotspot\share\interpreter\linkResolver.cpp, line 759]
Event: 63.801 Thread 0x000002821e628490 Exception <a 'java/lang/NoSuchMethodError'{0x00000000c51efd48}: 'java.lang.Object java.lang.invoke.DirectMethodHandle$Holder.newInvokeSpecial(java.lang.Object, long)'> (0x00000000c51efd48) 
thrown [s\src\hotspot\share\interpreter\linkResolver.cpp, line 759]
Event: 86.694 Thread 0x000002821e6298d0 Exception <a 'java/lang/NoSuchMethodError'{0x00000000c7729b18}: 'java.lang.Object java.lang.invoke.DirectMethodHandle$Holder.invokeStatic(java.lang.Object, java.lang.Object, java.lang.Object, int, java.lang.Object, java.lang.Object)'> (0x00000000c7729b18) 
thrown [s\src\hotspot\share\interpreter\linkResolver.cpp, line 759]
Event: 87.496 Thread 0x000002821f4d7dc0 Exception <a 'java/lang/NoSuchMethodError'{0x00000000c438fff8}: 'int java.lang.invoke.DirectMethodHandle$Holder.invokeStatic(java.lang.Object)'> (0x00000000c438fff8) 
thrown [s\src\hotspot\share\interpreter\linkResolver.cpp, line 759]
Event: 87.497 Thread 0x000002821f4d7dc0 Exception <a 'java/lang/NoSuchMethodError'{0x00000000c4393408}: 'int java.lang.invoke.DirectMethodHandle$Holder.invokeStaticInit(java.lang.Object)'> (0x00000000c4393408) 
thrown [s\src\hotspot\share\interpreter\linkResolver.cpp, line 759]
Event: 88.260 Thread 0x000002821f4dd3d0 Exception <a 'java/lang/NoSuchMethodError'{0x00000000c51b97b8}: 'java.lang.Object java.lang.invoke.DirectMethodHandle$Holder.invokeStatic(java.lang.Object, java.lang.Object, java.lang.Object, java.lang.Object, int)'> (0x00000000c51b97b8) 
thrown [s\src\hotspot\share\interpreter\linkResolver.cpp, line 759]
Event: 6326.643 Thread 0x000002821f4d87e0 Exception <a 'java/lang/NoSuchMethodError'{0x00000000c4e37240}: 'java.lang.Object java.lang.invoke.DirectMethodHandle$Holder.newInvokeSpecial(java.lang.Object, java.lang.Object, int, java.lang.Object)'> (0x00000000c4e37240) 
thrown [s\src\hotspot\share\interpreter\linkResolver.cpp, line 759]
Event: 6326.647 Thread 0x000002821f4d87e0 Exception <a 'java/lang/NoSuchMethodError'{0x00000000c4e3ab60}: 'java.lang.Object java.lang.invoke.Invokers$Holder.linkToTargetMethod(java.lang.Object, int, java.lang.Object, java.lang.Object)'> (0x00000000c4e3ab60) 
thrown [s\src\hotspot\share\interpreter\linkResolver.cpp, line 759]

VM Operations (20 events):
Event: 80622.258 Executing VM operation: G1CollectFull done
Event: 80632.706 Executing VM operation: G1CollectFull
Event: 80632.745 Executing VM operation: G1CollectFull done
Event: 80643.413 Executing VM operation: G1CollectFull
Event: 80643.456 Executing VM operation: G1CollectFull done
Event: 80653.832 Executing VM operation: G1CollectFull
Event: 80653.863 Executing VM operation: G1CollectFull done
Event: 80664.135 Executing VM operation: G1CollectFull
Event: 80664.162 Executing VM operation: G1CollectFull done
Event: 80671.142 Executing VM operation: HandshakeAllThreads
Event: 80671.142 Executing VM operation: HandshakeAllThreads done
Event: 80674.626 Executing VM operation: G1CollectFull
Event: 80674.657 Executing VM operation: G1CollectFull done
Event: 80685.019 Executing VM operation: G1CollectFull
Event: 80685.046 Executing VM operation: G1CollectFull done
Event: 80695.592 Executing VM operation: G1CollectFull
Event: 80695.636 Executing VM operation: G1CollectFull done
Event: 80705.971 Executing VM operation: G1CollectFull
Event: 80706.003 Executing VM operation: G1CollectFull done
Event: 80716.291 Executing VM operation: G1CollectFull

Events (20 events):
Event: 80456.525 Thread 0x000002821f4dbf90 Thread exited: 0x000002821f4dbf90
Event: 80456.525 Thread 0x000002821f4dddf0 Thread exited: 0x000002821f4dddf0
Event: 80456.525 Thread 0x000002821f4dc9b0 Thread exited: 0x000002821f4dc9b0
Event: 80456.535 Thread 0x000002821f4d8cf0 Thread exited: 0x000002821f4d8cf0
Event: 80463.618 Thread 0x000002821f4de810 Thread exited: 0x000002821f4de810
Event: 80463.618 Thread 0x000002821f4d87e0 Thread exited: 0x000002821f4d87e0
Event: 80565.332 Thread 0x000002821f4dddf0 Thread added: 0x000002821f4dddf0
Event: 80567.601 Thread 0x000002821f4dbf90 Thread added: 0x000002821f4dbf90
Event: 80570.429 Thread 0x000002821f4de810 Thread added: 0x000002821f4de810
Event: 80570.432 Thread 0x000002821f4d8cf0 Thread added: 0x000002821f4d8cf0
Event: 80570.444 Thread 0x000002821f4dc9b0 Thread added: 0x000002821f4dc9b0
Event: 80570.449 Thread 0x000002821f4d87e0 Thread added: 0x000002821f4d87e0
Event: 80570.454 Thread 0x000002821f3a2fc0 Thread added: 0x000002821f3a2fc0
Event: 80630.471 Thread 0x000002821f4dddf0 Thread exited: 0x000002821f4dddf0
Event: 80630.471 Thread 0x000002821f4d87e0 Thread exited: 0x000002821f4d87e0
Event: 80630.472 Thread 0x000002821f4de810 Thread exited: 0x000002821f4de810
Event: 80630.486 Thread 0x000002821f4dc9b0 Thread exited: 0x000002821f4dc9b0
Event: 80630.488 Thread 0x000002821f4d8cf0 Thread exited: 0x000002821f4d8cf0
Event: 80634.632 Thread 0x000002821f4dbf90 Thread exited: 0x000002821f4dbf90
Event: 80637.681 Thread 0x000002821f3a2fc0 Thread exited: 0x000002821f3a2fc0


Dynamic libraries:
0x00007ff7ca0b0000 - 0x00007ff7ca0be000 	c:\Users\ASUS1\.vscode\extensions\redhat.java-1.30.0-win32-x64\jre\17.0.10-win32-x86_64\bin\java.exe
0x00007ffdd8fb0000 - 0x00007ffdd91c6000 	C:\Windows\SYSTEM32\ntdll.dll
0x00007ffdd85e0000 - 0x00007ffdd86a4000 	C:\Windows\System32\KERNEL32.DLL
0x00007ffdd6570000 - 0x00007ffdd6917000 	C:\Windows\System32\KERNELBASE.dll
0x00007ffdd6bc0000 - 0x00007ffdd6cd1000 	C:\Windows\System32\ucrtbase.dll
0x00007ffd81670000 - 0x00007ffd8168b000 	c:\Users\ASUS1\.vscode\extensions\redhat.java-1.30.0-win32-x64\jre\17.0.10-win32-x86_64\bin\VCRUNTIME140.dll
0x00007ffd7c240000 - 0x00007ffd7c257000 	c:\Users\ASUS1\.vscode\extensions\redhat.java-1.30.0-win32-x64\jre\17.0.10-win32-x86_64\bin\jli.dll
0x00007ffdd7230000 - 0x00007ffdd73de000 	C:\Windows\System32\USER32.dll
0x00007ffdd6920000 - 0x00007ffdd6946000 	C:\Windows\System32\win32u.dll
0x00007ffdc26e0000 - 0x00007ffdc2973000 	C:\Windows\WinSxS\amd64_microsoft.windows.common-controls_6595b64144ccf1df_6.0.22621.3235_none_270f74e173860f98\COMCTL32.dll
0x00007ffdd8a40000 - 0x00007ffdd8ae7000 	C:\Windows\System32\msvcrt.dll
0x00007ffdd83b0000 - 0x00007ffdd83d9000 	C:\Windows\System32\GDI32.dll
0x00007ffdd69d0000 - 0x00007ffdd6ae9000 	C:\Windows\System32\gdi32full.dll
0x00007ffdd6b20000 - 0x00007ffdd6bba000 	C:\Windows\System32\msvcp_win.dll
0x00007ffdd6cf0000 - 0x00007ffdd6d21000 	C:\Windows\System32\IMM32.DLL
0x00007ffdc4a70000 - 0x00007ffdc4a7c000 	c:\Users\ASUS1\.vscode\extensions\redhat.java-1.30.0-win32-x64\jre\17.0.10-win32-x86_64\bin\vcruntime140_1.dll
0x00007ffd5d2a0000 - 0x00007ffd5d32d000 	c:\Users\ASUS1\.vscode\extensions\redhat.java-1.30.0-win32-x64\jre\17.0.10-win32-x86_64\bin\msvcp140.dll
0x00007ffd5c630000 - 0x00007ffd5d292000 	c:\Users\ASUS1\.vscode\extensions\redhat.java-1.30.0-win32-x64\jre\17.0.10-win32-x86_64\bin\server\jvm.dll
0x00007ffdd82f0000 - 0x00007ffdd83a2000 	C:\Windows\System32\ADVAPI32.dll
0x00007ffdd8cb0000 - 0x00007ffdd8d58000 	C:\Windows\System32\sechost.dll
0x00007ffdd6af0000 - 0x00007ffdd6b18000 	C:\Windows\System32\bcrypt.dll
0x00007ffdd8dc0000 - 0x00007ffdd8ed5000 	C:\Windows\System32\RPCRT4.dll
0x00007ffdb4b20000 - 0x00007ffdb4b29000 	C:\Windows\SYSTEM32\WSOCK32.dll
0x00007ffdce3a0000 - 0x00007ffdce3d4000 	C:\Windows\SYSTEM32\WINMM.dll
0x00007ffdd5ff0000 - 0x00007ffdd603d000 	C:\Windows\SYSTEM32\POWRPROF.dll
0x00007ffdd83f0000 - 0x00007ffdd8461000 	C:\Windows\System32\WS2_32.dll
0x00007ffdcda00000 - 0x00007ffdcda0a000 	C:\Windows\SYSTEM32\VERSION.dll
0x00007ffdd5f20000 - 0x00007ffdd5f33000 	C:\Windows\SYSTEM32\UMPDC.dll
0x00007ffdd4430000 - 0x00007ffdd4448000 	C:\Windows\SYSTEM32\kernel.appcore.dll
0x00007ffdb30d0000 - 0x00007ffdb30da000 	c:\Users\ASUS1\.vscode\extensions\redhat.java-1.30.0-win32-x64\jre\17.0.10-win32-x86_64\bin\jimage.dll
0x00007ffdd3470000 - 0x00007ffdd36a3000 	C:\Windows\SYSTEM32\DBGHELP.DLL
0x00007ffdd86b0000 - 0x00007ffdd8a38000 	C:\Windows\System32\combase.dll
0x00007ffdd7150000 - 0x00007ffdd7227000 	C:\Windows\System32\OLEAUT32.dll
0x00007ffdca590000 - 0x00007ffdca5c2000 	C:\Windows\SYSTEM32\dbgcore.DLL
0x00007ffdd6950000 - 0x00007ffdd69c9000 	C:\Windows\System32\bcryptPrimitives.dll
0x00007ffd5c410000 - 0x00007ffd5c435000 	c:\Users\ASUS1\.vscode\extensions\redhat.java-1.30.0-win32-x64\jre\17.0.10-win32-x86_64\bin\java.dll
0x00007ffd5d660000 - 0x00007ffd5d678000 	c:\Users\ASUS1\.vscode\extensions\redhat.java-1.30.0-win32-x64\jre\17.0.10-win32-x86_64\bin\zip.dll
0x00007ffdd7460000 - 0x00007ffdd7cbc000 	C:\Windows\System32\SHELL32.dll
0x00007ffdd3880000 - 0x00007ffdd4179000 	C:\Windows\SYSTEM32\windows.storage.dll
0x00007ffdd5190000 - 0x00007ffdd52ce000 	C:\Windows\SYSTEM32\wintypes.dll
0x00007ffdd7d70000 - 0x00007ffdd7e63000 	C:\Windows\System32\SHCORE.dll
0x00007ffdd8d60000 - 0x00007ffdd8dbe000 	C:\Windows\System32\shlwapi.dll
0x00007ffdd6200000 - 0x00007ffdd6221000 	C:\Windows\SYSTEM32\profapi.dll
0x00007ffd5c5f0000 - 0x00007ffd5c609000 	C:\Users\ASUS1\.vscode\extensions\redhat.java-1.30.0-win32-x64\jre\17.0.10-win32-x86_64\bin\net.dll
0x00007ffdcfc60000 - 0x00007ffdcfd96000 	C:\Windows\SYSTEM32\WINHTTP.dll
0x00007ffdd4830000 - 0x00007ffdd4899000 	C:\Windows\system32\mswsock.dll
0x00007ffd5c5d0000 - 0x00007ffd5c5e6000 	C:\Users\ASUS1\.vscode\extensions\redhat.java-1.30.0-win32-x64\jre\17.0.10-win32-x86_64\bin\nio.dll
0x00007ffda7f90000 - 0x00007ffda7fa0000 	c:\Users\ASUS1\.vscode\extensions\redhat.java-1.30.0-win32-x64\jre\17.0.10-win32-x86_64\bin\verify.dll
0x00007ffdd5ef0000 - 0x00007ffdd5f0b000 	C:\Windows\SYSTEM32\CRYPTSP.dll
0x00007ffdd4380000 - 0x00007ffdd43b5000 	C:\Windows\system32\rsaenh.dll
0x00007ffdd4980000 - 0x00007ffdd49a8000 	C:\Windows\SYSTEM32\USERENV.dll
0x00007ffdd5340000 - 0x00007ffdd534c000 	C:\Windows\SYSTEM32\CRYPTBASE.dll
0x00007ffdd5cc0000 - 0x00007ffdd5ced000 	C:\Windows\SYSTEM32\IPHLPAPI.DLL
0x00007ffdd70f0000 - 0x00007ffdd70f9000 	C:\Windows\System32\NSI.dll
0x00007ffdcf730000 - 0x00007ffdcf749000 	C:\Windows\SYSTEM32\dhcpcsvc6.DLL
0x00007ffdcf6c0000 - 0x00007ffdcf6df000 	C:\Windows\SYSTEM32\dhcpcsvc.DLL
0x00007ffdd5d30000 - 0x00007ffdd5e29000 	C:\Windows\SYSTEM32\DNSAPI.dll
0x00007ffdd13b0000 - 0x00007ffdd13b9000 	C:\Users\ASUS1\.vscode\extensions\redhat.java-1.30.0-win32-x64\jre\17.0.10-win32-x86_64\bin\management.dll
0x00007ffdd13a0000 - 0x00007ffdd13ab000 	C:\Users\ASUS1\.vscode\extensions\redhat.java-1.30.0-win32-x64\jre\17.0.10-win32-x86_64\bin\management_ext.dll
0x00007ffdd6ce0000 - 0x00007ffdd6ce8000 	C:\Windows\System32\PSAPI.DLL

dbghelp: loaded successfully - version: 4.0.5 - missing functions: none
symbol engine: initialized successfully - sym options: 0x614 - pdb path: .;c:\Users\ASUS1\.vscode\extensions\redhat.java-1.30.0-win32-x64\jre\17.0.10-win32-x86_64\bin;C:\Windows\SYSTEM32;C:\Windows\WinSxS\amd64_microsoft.windows.common-controls_6595b64144ccf1df_6.0.22621.3235_none_270f74e173860f98;c:\Users\ASUS1\.vscode\extensions\redhat.java-1.30.0-win32-x64\jre\17.0.10-win32-x86_64\bin\server

VM Arguments:
jvm_args: -XX:+HeapDumpOnOutOfMemoryError -Xmx1024m -Dsts.lsp.client=vscode -Dsts.log.file=/dev/null -XX:TieredStopAtLevel=1 -Xlog:jni+resolve=off -Dspring.config.location=file:c:\Users\ASUS1\.vscode\extensions\vmware.vscode-spring-boot-1.53.0\language-server\BOOT-INF\classes\application.properties 
java_command: org.springframework.ide.vscode.boot.app.BootLanguageServerBootApp
java_class_path (initial): c:\Users\ASUS1\.vscode\extensions\vmware.vscode-spring-boot-1.53.0\language-server\BOOT-INF\classes;c:\Users\ASUS1\.vscode\extensions\vmware.vscode-spring-boot-1.53.0\language-server\BOOT-INF\lib\annotations-24.1.0.jar;c:\Users\ASUS1\.vscode\extensions\vmware.vscode-spring-boot-1.53.0\language-server\BOOT-INF\lib\antlr4-runtime-4.11.1.jar;c:\Users\ASUS1\.vscode\extensions\vmware.vscode-spring-boot-1.53.0\language-server\BOOT-INF\lib\asm-9.6.jar;c:\Users\ASUS1\.vscode\extensions\vmware.vscode-spring-boot-1.53.0\language-server\BOOT-INF\lib\asm-analysis-9.6.jar;c:\Users\ASUS1\.vscode\extensions\vmware.vscode-spring-boot-1.53.0\language-server\BOOT-INF\lib\asm-tree-9.6.jar;c:\Users\ASUS1\.vscode\extensions\vmware.vscode-spring-boot-1.53.0\language-server\BOOT-INF\lib\asm-util-9.6.jar;c:\Users\ASUS1\.vscode\extensions\vmware.vscode-spring-boot-1.53.0\language-server\BOOT-INF\lib\caffeine-3.1.8.jar;c:\Users\ASUS1\.vscode\extensions\vmware.vscode-spring-boot-1.53.0\language-server\BOOT-INF\lib\checker-qual-3.12.0.jar;c:\Users\ASUS1\.vscode\extensions\vmware.vscode-spring-boot-1.53.0\language-server\BOOT-INF\lib\classgraph-4.8.149.jar;c:\Users\ASUS1\.vscode\extensions\vmware.vscode-spring-boot-1.53.0\language-server\BOOT-INF\lib\commons-codec-1.16.1.jar;c:\Users\ASUS1\.vscode\extensions\vmware.vscode-spring-boot-1.53.0\language-server\BOOT-INF\lib\commons-compress-1.26.0.jar;c:\Users\ASUS1\.vscode\extensions\vmware.vscode-spring-boot-1.53.0\language-server\BOOT-INF\lib\commons-io-2.4.jar;c:\Users\ASUS1\.vscode\extensions\vmware.vscode-spring-boot-1.53.0\language-server\BOOT-INF\lib\commons-java-1.53.0-SNAPSHOT.jar;c:\Users\ASUS1\.vscode\extensions\vmware.vscode-spring-boot-1.53.0\language-server\BOOT-INF\lib\commons-lang3-3.13.0.jar;c:\Users\ASUS1\.vscode\extensions\vmware.vscode-spring-boot-1.53.0\language-server\BOOT-INF\lib\commons-language-server-1.53.0-SNAPSHOT.jar;c:\Users\ASUS1\.vscode\extensions\vmware.vscode-spring-boot-1.53.0\language
Launcher Type: SUN_STANDARD

[Global flags]
     intx CICompilerCount                          = 12                                        {product} {ergonomic}
     uint ConcGCThreads                            = 3                                         {product} {ergonomic}
     uint G1ConcRefinementThreads                  = 13                                        {product} {ergonomic}
   size_t G1HeapRegionSize                         = 1048576                                   {product} {ergonomic}
    uintx GCDrainStackTargetSize                   = 64                                        {product} {ergonomic}
     bool HeapDumpOnOutOfMemoryError               = true                                   {manageable} {command line}
   size_t InitialHeapSize                          = 125829120                                 {product} {ergonomic}
   size_t MarkStackSize                            = 4194304                                   {product} {ergonomic}
   size_t MaxHeapSize                              = 1073741824                                {product} {command line}
   size_t MaxNewSize                               = 643825664                                 {product} {ergonomic}
   size_t MinHeapDeltaBytes                        = 1048576                                   {product} {ergonomic}
   size_t MinHeapSize                              = 8388608                                   {product} {ergonomic}
    uintx NonProfiledCodeHeapSize                  = 0                                      {pd product} {ergonomic}
     bool ProfileInterpreter                       = false                                  {pd product} {command line}
    uintx ProfiledCodeHeapSize                     = 0                                      {pd product} {ergonomic}
   size_t SoftMaxHeapSize                          = 1073741824                             {manageable} {ergonomic}
     intx TieredStopAtLevel                        = 1                                         {product} {command line}
     bool UseCompressedClassPointers               = true                           {product lp64_product} {ergonomic}
     bool UseCompressedOops                        = true                           {product lp64_product} {ergonomic}
     bool UseG1GC                                  = true                                      {product} {ergonomic}
     bool UseLargePagesIndividualAllocation        = false                                  {pd product} {ergonomic}

Logging:
Log output configuration:
 #0: stdout all=warning,jni+resolve=off uptime,level,tags
 #1: stderr all=off uptime,level,tags

Environment Variables:
JAVA_HOME=C:\Program Files\Amazon Corretto\jdk17.0.10_7
PATH=C:\Program Files\Amazon Corretto\jdk17.0.10_7\bin;C:\Program Files (x86)\Common Files\Oracle\Java\java8path;C:\Program Files (x86)\Common Files\Oracle\Java\javapath;C:\Program Files\Amazon Corretto\jdk17.0.10_7\bin;C:\Program Files\Amazon Corretto\jdk17.0.5_8\bin;C:\Program Files\MongoDB\Server\6.0\bin;C:\Program Files (x86)\VMware\VMware Workstation\bin\;C:\Python311\Scripts\;C:\Python311\;C:\MinGW\bin;C:\Windows\system32;C:\Windows;C:\Windows\System32\Wbem;C:\Windows\System32\WindowsPowerShell\v1.0\;C:\Windows\System32\OpenSSH\;C:\Program Files\Go\bin;C:\Program Files\nodejs\;C:\ProgramData\chocolatey\bin;C:\Python311\Scripts;C:\Users\ASUS1\Downloads\mongosh-1.8.0-win32-x64.zip\mongosh-1.8.0-win32-x64\bin;C:\Program Files\Git\cmd;C:\Program Files\PuTTY\;C:\Program Files\Docker\Docker\resources\bin;C:\Program Files\MySQL\MySQL Server 8.0\bin;C:\Program Files\Vagrant\bin;%M2_HOME%\bin;C:\Program Files\MySQL\MySQL Shell 8.0\bin\;C:\Users\ASUS1\anaconda3;C:\Users\ASUS1\anaconda3\Library\mingw-w64\bin;C:\Users\ASUS1\anaconda3\Library\usr\bin;C:\Users\ASUS1\anaconda3\Library\bin;C:\Users\ASUS1\anaconda3\Scripts;C:\Users\ASUS1\AppData\Local\Microsoft\WindowsApps;C:\Users\ASUS1\AppData\Local\Programs\Microsoft VS Code\bin;C:\Users\ASUS1\go\bin;C:\Users\ASUS1\AppData\Roaming\npm;C:\Users\ASUS1\AppData\Local\GitHubDesktop\bin;C:\Program Files\JetBrains\IntelliJ IDEA 2022.3.1\bin;;C:\Program Files\JetBrains\PyCharm 2022.3\bin;;C:\Users\ASUS1\AppData\Local\Programs\mongosh\
USERNAME=ASUS1
OS=Windows_NT
PROCESSOR_IDENTIFIER=AMD64 Family 23 Model 96 Stepping 1, AuthenticAMD
TMP=C:\Users\ASUS1\AppData\Local\Temp
TEMP=C:\Users\ASUS1\AppData\Local\Temp



Periodic native trim disabled


---------------  S Y S T E M  ---------------

OS:
 Windows 11 , 64 bit Build 22621 (10.0.22621.3374)
OS uptime: 1 days 0:25 hours
Hyper-V role detected

CPU: total 16 (initial active 16) (16 cores per cpu, 2 threads per core) family 23 model 96 stepping 1 microcode 0x0, cx8, cmov, fxsr, ht, mmx, 3dnowpref, sse, sse2, sse3, ssse3, sse4a, sse4.1, sse4.2, popcnt, lzcnt, tsc, tscinvbit, avx, avx2, aes, clmul, bmi1, bmi2, adx, sha, fma, vzeroupper, clflush, clflushopt, hv
Processor Information for all 16 processors :
  Max Mhz: 2901, Current Mhz: 2901, Mhz Limit: 2901

Memory: 4k page, system-wide physical 7598M (327M free)
TotalPageFile size 31150M (AvailPageFile size 12M)
current process WorkingSet (physical memory assigned to process): 45M, peak: 157M
current process commit charge ("private bytes"): 226M, peak: 242M

vm_info: OpenJDK 64-Bit Server VM (17.0.10+7) for windows-amd64 JRE (17.0.10+7), built on Jan 16 2024 23:25:11 by "admin" with MS VC++ 16.10 / 16.11 (VS2019)

END.
